<?xml version="1.0" encoding="UTF-8"?>
<!-- Generated by org.testng.reporters.JUnitReportReporter -->
<testsuite hostname="DESKTOP-C0CN1UM" failures="0" tests="1" name="com.testcases.OrangeHRMLoginTestCase" time="2.605" errors="0" timestamp="16 Sep 2020 06:29:22 GMT" skipped="0">
  <testcase classname="com.testcases.OrangeHRMLoginTestCase" name="login" time="2.605"/>
</testsuite> <!-- com.testcases.OrangeHRMLoginTestCase -->
